<?xml version="1.0" encoding="UTF-8"?>
<!-- Generated by org.testng.reporters.JUnitXMLReporter -->
<testsuite ignored="0" hostname="LTIN509551" failures="0" tests="8" name="chrometest" time="368.198" errors="0" timestamp="2024-04-04T14:27:27 IST">
  <testcase classname="testCases.TestClass" name="clickOnUser" time="32.593"/>
  <testcase classname="testCases.TestClass" name="verifyNewsDisplayed" time="7.657"/>
  <testcase classname="testCases.TestClass" name="verifyHeaderAndTooltip" time="0.33"/>
  <testcase classname="testCases.TestClass" name="validateNewsSlide1" time="57.803"/>
  <testcase classname="testCases.TestClass" name="validateNewsSlide2" time="62.479"/>
  <testcase classname="testCases.TestClass" name="validateNewsSlide3" time="62.367"/>
  <testcase classname="testCases.TestClass" name="validateNewsSlide4" time="62.214"/>
  <testcase classname="testCases.TestClass" name="validateNewsSlide5" time="49.369"/>
</testsuite> <!-- chrometest -->
