<?xml version="1.0" encoding="UTF-8"?>
<!-- Generated by org.testng.reporters.JUnitXMLReporter -->
<testsuite ignored="0" hostname="LTIN509551" failures="0" tests="8" name="edgetest" time="351.105" errors="0" timestamp="2024-04-04T09:52:01 IST">
  <testcase classname="testCases.TestClass" name="clickOnUser" time="32.105"/>
  <testcase classname="testCases.TestClass" name="verifyNewsDisplayed" time="7.473"/>
  <testcase classname="testCases.TestClass" name="verifyHeaderAndTooltip" time="0.345"/>
  <testcase classname="testCases.TestClass" name="validateNewsSlide1" time="57.54"/>
  <testcase classname="testCases.TestClass" name="validateNewsSlide2" time="62.799"/>
  <testcase classname="testCases.TestClass" name="validateNewsSlide3" time="62.39"/>
  <testcase classname="testCases.TestClass" name="validateNewsSlide4" time="62.189"/>
  <testcase classname="testCases.TestClass" name="validateNewsSlide5" time="43.412"/>
</testsuite> <!-- edgetest -->
